[debug] [2023-12-09T22:26:11.589Z] ----------------------------------------------------------------------
[debug] [2023-12-09T22:26:11.596Z] Command:       /opt/homebrew/Cellar/node/21.2.0/bin/node /opt/homebrew/bin/firebase init hosting
[debug] [2023-12-09T22:26:11.597Z] CLI Version:   13.0.1
[debug] [2023-12-09T22:26:11.597Z] Platform:      darwin
[debug] [2023-12-09T22:26:11.597Z] Node Version:  v21.2.0
[debug] [2023-12-09T22:26:11.597Z] Time:          Sat Dec 09 2023 16:26:11 GMT-0600 (Central Standard Time)
[debug] [2023-12-09T22:26:11.597Z] ----------------------------------------------------------------------
[debug] 
[debug] [2023-12-09T22:26:11.601Z] > command requires scopes: ["email","openid","https://www.googleapis.com/auth/cloudplatformprojects.readonly","https://www.googleapis.com/auth/firebase","https://www.googleapis.com/auth/cloud-platform"]
[debug] [2023-12-09T22:26:11.601Z] > authorizing via signed-in user (mannypaz15@gmail.com)
[info] 
     ######## #### ########  ######## ########     ###     ######  ########
     ##        ##  ##     ## ##       ##     ##  ##   ##  ##       ##
     ######    ##  ########  ######   ########  #########  ######  ######
     ##        ##  ##    ##  ##       ##     ## ##     ##       ## ##
     ##       #### ##     ## ######## ########  ##     ##  ######  ########

You're about to initialize a Firebase project in this directory:

  /Users/manny/Downloads/REACT/chat/chat_app

[info] 
=== Project Setup
[info] 
[info] First, let's associate this project directory with a Firebase project.
[info] You can create multiple project aliases by running firebase use --add, 
[info] but for now we'll just set up a default project.
[info] 
[debug] [2023-12-09T22:26:14.116Z] > refreshing access token with scopes: []
[debug] [2023-12-09T22:26:14.119Z] >>> [apiv2][query] POST https://www.googleapis.com/oauth2/v3/token [none]
[debug] [2023-12-09T22:26:14.119Z] >>> [apiv2][body] POST https://www.googleapis.com/oauth2/v3/token [omitted]
[debug] [2023-12-09T22:26:14.288Z] <<< [apiv2][status] POST https://www.googleapis.com/oauth2/v3/token 200
[debug] [2023-12-09T22:26:14.288Z] <<< [apiv2][body] POST https://www.googleapis.com/oauth2/v3/token [omitted]
[debug] [2023-12-09T22:26:14.308Z] >>> [apiv2][query] GET https://firebase.googleapis.com/v1beta1/projects pageSize=100
[debug] [2023-12-09T22:26:14.691Z] <<< [apiv2][status] GET https://firebase.googleapis.com/v1beta1/projects 200
[debug] [2023-12-09T22:26:14.692Z] <<< [apiv2][body] GET https://firebase.googleapis.com/v1beta1/projects [omitted]
[info] i  Using project personal-8fc67 (Personal) 
[info] 
=== Hosting Setup
[debug] [2023-12-09T22:26:17.462Z] >>> [apiv2][query] GET https://firebase.googleapis.com/v1beta1/projects/personal-8fc67 [none]
[debug] [2023-12-09T22:26:17.555Z] <<< [apiv2][status] GET https://firebase.googleapis.com/v1beta1/projects/personal-8fc67 200
[debug] [2023-12-09T22:26:17.555Z] <<< [apiv2][body] GET https://firebase.googleapis.com/v1beta1/projects/personal-8fc67 {"projectId":"personal-8fc67","projectNumber":"512976951883","displayName":"Personal","name":"projects/personal-8fc67","resources":{"hostingSite":"personal-8fc67","realtimeDatabaseInstance":"personal-8fc67-default-rtdb"},"state":"ACTIVE","etag":"1_aeafdfc7-1260-45b2-9ca0-5dc2b322612a"}
[info] 
[info] Your public directory is the folder (relative to your project directory) that
[info] will contain Hosting assets to be uploaded with firebase deploy. If you
[info] have a build process for your assets, use your build's output directory.
[info] 
[info] ✔  Wrote public/404.html 
[debug] [2023-12-09T22:27:17.447Z] >>> [apiv2][query] GET https://www.gstatic.com/firebasejs/releases.json [none]
[debug] [2023-12-09T22:27:17.504Z] <<< [apiv2][status] GET https://www.gstatic.com/firebasejs/releases.json 200
[debug] [2023-12-09T22:27:17.504Z] <<< [apiv2][body] GET https://www.gstatic.com/firebasejs/releases.json {"current":{"version":"10.7.1","browserURL":"https://www.gstatic.com/firebasejs/10.7.1/firebase.js","packageURL":"https://www.gstatic.com/firebasejs/10.7.1/firebase.tgz"},"live":{"version":"10.7","browserURL":"https://www.gstatic.com/firebasejs/live/10.7/firebase.js","packageURL":"https://www.gstatic.com/firebasejs/live/10.7/firebase.tgz"},"components":{"analytics":"https://www.gstatic.com/firebasejs/10.7.1/firebase-analytics.js","app":"https://www.gstatic.com/firebasejs/10.7.1/firebase-app.js","app-check":"https://www.gstatic.com/firebasejs/10.7.1/firebase-app-check.js","auth":"https://www.gstatic.com/firebasejs/10.7.1/firebase-auth.js","auth/cordova":"https://www.gstatic.com/firebasejs/10.7.1/firebase-auth/cordova.js","functions":"https://www.gstatic.com/firebasejs/10.7.1/firebase-functions.js","firestore":"https://www.gstatic.com/firebasejs/10.7.1/firebase-firestore.js","firestore/lite":"https://www.gstatic.com/firebasejs/10.7.1/firebase-firestore/lite.js","installations":"https://www.gstatic.com/firebasejs/10.7.1/firebase-installations.js","storage":"https://www.gstatic.com/firebasejs/10.7.1/firebase-storage.js","performance":"https://www.gstatic.com/firebasejs/10.7.1/firebase-performance.js","remote-config":"https://www.gstatic.com/firebasejs/10.7.1/firebase-remote-config.js","messaging":"https://www.gstatic.com/firebasejs/10.7.1/firebase-messaging.js","messaging/sw":"https://www.gstatic.com/firebasejs/10.7.1/firebase-messaging/sw.js","database":"https://www.gstatic.com/firebasejs/10.7.1/firebase-database.js","firestore.memory":"https://www.gstatic.com/firebasejs/10.7.1/firebase-firestore.memory.js"}}
[info] i  Skipping write of public/index.html 
[info] 
[info] i  Detected a .git folder at /Users/manny/Downloads/REACT/chat/chat_app 
[info] i  Authorizing with GitHub to upload your service account to a GitHub repository's secrets store. 
[info] 
[info] Visit this URL on this device to log in:
[info] https://github.com/login/oauth/authorize?client_id=89cf50f02ac6aaed3484&state=726765141&redirect_uri=http%3A%2F%2Flocalhost%3A9005&scope=read%3Auser%20repo%20public_repo
[info] 
[info] Waiting for authentication...
[debug] [2023-12-09T22:27:59.455Z] >>> [apiv2][query] POST https://github.com/login/oauth/access_token [none]
[debug] [2023-12-09T22:27:59.455Z] >>> [apiv2][body] POST https://github.com/login/oauth/access_token [stream]
[debug] [2023-12-09T22:27:59.655Z] <<< [apiv2][status] POST https://github.com/login/oauth/access_token 200
[debug] [2023-12-09T22:27:59.655Z] <<< [apiv2][body] POST https://github.com/login/oauth/access_token {"access_token":"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","token_type":"bearer","scope":"read:user,repo"}
[debug] [2023-12-09T22:27:59.662Z] >>> [apiv2][query] GET https://api.github.com/user [none]
[debug] [2023-12-09T22:27:59.865Z] <<< [apiv2][status] GET https://api.github.com/user 200
[debug] [2023-12-09T22:27:59.866Z] <<< [apiv2][body] GET https://api.github.com/user {"login":"emmpaz","id":59887297,"node_id":"MDQ6VXNlcjU5ODg3Mjk3","avatar_url":"https://avatars.githubusercontent.com/u/59887297?v=4","gravatar_id":"","url":"https://api.github.com/users/emmpaz","html_url":"https://github.com/emmpaz","followers_url":"https://api.github.com/users/emmpaz/followers","following_url":"https://api.github.com/users/emmpaz/following{/other_user}","gists_url":"https://api.github.com/users/emmpaz/gists{/gist_id}","starred_url":"https://api.github.com/users/emmpaz/starred{/owner}{/repo}","subscriptions_url":"https://api.github.com/users/emmpaz/subscriptions","organizations_url":"https://api.github.com/users/emmpaz/orgs","repos_url":"https://api.github.com/users/emmpaz/repos","events_url":"https://api.github.com/users/emmpaz/events{/privacy}","received_events_url":"https://api.github.com/users/emmpaz/received_events","type":"User","site_admin":false,"name":null,"company":null,"blog":"https://emmanuelpaz.netlify.app","location":null,"email":null,"hireable":null,"bio":"Recent Iowa State University Graduate. B.S in Software Engineering and minor in Spanish.","twitter_username":null,"public_repos":14,"public_gists":0,"followers":1,"following":3,"created_at":"2020-01-14T17:13:35Z","updated_at":"2023-11-30T22:59:06Z","private_gists":0,"total_private_repos":0,"owned_private_repos":0,"disk_usage":297990,"collaborators":0,"two_factor_authentication":false,"plan":{"name":"free","space":976562499,"collaborators":0,"private_repos":10000}}
[info] 
[info] ✔  Success! Logged into GitHub as emmpaz 
[info] 
[debug] [2023-12-09T22:28:09.180Z] >>> [apiv2][query] GET https://api.github.com/repos//actions/secrets/public-key type=owner
[debug] [2023-12-09T22:28:10.384Z] <<< [apiv2][status] GET https://api.github.com/repos//actions/secrets/public-key 404
[debug] [2023-12-09T22:28:10.384Z] <<< [apiv2][body] GET https://api.github.com/repos//actions/secrets/public-key {"message":"Not Found","documentation_url":"https://docs.github.com/rest"}
[info] 
[info] 
[error] ⚠  The provided authorization cannot be used with this repository. If this repository is in an organization, did you remember to grant access? 
[info] 
[info] i  Action required: Visit this URL to ensure access has been granted to the appropriate organization(s) for the Firebase CLI GitHub OAuth App: 
[info] https://github.com/settings/connections/applications/89cf50f02ac6aaed3484
[info] 
